<?xml version="1.0" encoding="UTF-8"?>
<!-- Generated by org.testng.reporters.JUnitXMLReporter -->
<testsuite hostname="CHI-CL-6RJGL13" ignored="0" name="Test" tests="1" failures="1" timestamp="2021-09-07T14:13:38 IST" time="5.99" errors="0">
  <testcase name="parallelRun" time="5.929" classname="Karate.KarateScripts.APITestRunner">
    <failure type="java.lang.AssertionError" message="failed features:
resources.TwoWayCommands: -unknown-:40 - 
TokenTwoWay.feature:21 - status code was: 429, expected: 200, response time: 1287, url: https://restdev1.tracking.thermoking.com/connected-solutions/obtainToken/, response: {&amp;quot;path&amp;quot;:&amp;quot;/connected-solutions/obtainToken/&amp;quot;,&amp;quot;error&amp;quot;:&amp;quot;Too Many Requests&amp;quot;,&amp;quot;message&amp;quot;:&amp;quot;This client has been exceeded the allowance of requests for this API&amp;quot;,&amp;quot;timestamp&amp;quot;:&amp;quot;2021-09-07T08:43:36.529+0000&amp;quot;,&amp;quot;status&amp;quot;:429}
">
      <![CDATA[java.lang.AssertionError: failed features:
resources.TwoWayCommands: -unknown-:40 - 
TokenTwoWay.feature:21 - status code was: 429, expected: 200, response time: 1287, url: https://restdev1.tracking.thermoking.com/connected-solutions/obtainToken/, response: {"path":"/connected-solutions/obtainToken/","error":"Too Many Requests","message":"This client has been exceeded the allowance of requests for this API","timestamp":"2021-09-07T08:43:36.529+0000","status":429}

at org.junit.Assert.fail(Assert.java:88)
at org.junit.Assert.assertTrue(Assert.java:41)
at Karate.KarateScripts.APITestRunner.parallelRun(APITestRunner.java:35)
at java.util.ArrayList.forEach(ArrayList.java:1249)
... Removed 27 stack frames]]>
    </failure>
  </testcase> <!-- parallelRun -->
</testsuite> <!-- Test -->
