<?xml version="1.0" encoding="UTF-8"?>
<testng-results skipped="0" failed="0" ignored="0" total="1" passed="1">
  <reporter-output>
  </reporter-output>
  <suite name="Surefire suite" duration-ms="162" started-at="2021-09-13T21:12:59 IST" finished-at="2021-09-13T21:12:59 IST">
    <groups>
    </groups>
    <test name="Surefire test" duration-ms="162" started-at="2021-09-13T21:12:59 IST" finished-at="2021-09-13T21:12:59 IST">
      <class name="Karate.KarateScripts.AppTest">
        <test-method status="PASS" signature="shouldAnswerWithTrue()" name="shouldAnswerWithTrue" duration-ms="27" started-at="2021-09-13T21:12:59 IST" finished-at="2021-09-13T21:12:59 IST">
          <reporter-output>
          </reporter-output>
        </test-method> <!-- shouldAnswerWithTrue -->
      </class> <!-- Karate.KarateScripts.AppTest -->
    </test> <!-- Surefire test -->
  </suite> <!-- Surefire suite -->
</testng-results>
