<testsuite failures="1" name="resources/TokenTwoWay.feature" skipped="0" tests="1" time="0.005826">
  <testcase classname="resources.TokenTwoWay" name="Generate auth token" time="0.005826">
    <failure message="TokenTwoWay.feature:14 - javascript evaluation failed: APIurl, ReferenceError: &quot;APIurl&quot; is not defined in &lt;eval&gt; at line number 1">* def obtainToken = ....................................................... passed
Then print obtainToken .................................................... passed
* url APIurl .............................................................. failed

Stack Trace:
com.intuit.karate.exception.KarateException: TokenTwoWay.feature:14 - javascript evaluation failed: APIurl, ReferenceError: "APIurl" is not defined in &lt;eval&gt; at line number 1&#13;
	at ✽.* url APIurl (TokenTwoWay.feature:14)&#13;

Given path 'connected-solutions/obtainToken/' ............................. skipped
And header X-External-ID = "0C7FFB8E-BE9D-4B51-8D61-CA10BF4503C4" ......... skipped
And body= {"userName": "webservice.user214@MISSING.COM","password": "Pass@1234"} . skipped
And request body .......................................................... skipped
When method post .......................................................... skipped
Then status 200 ........................................................... skipped
* def authToken = response.accessToken .................................... skipped
Then print authToken ...................................................... skipped</failure>
  </testcase>
</testsuite>
