<testsuite failures="0" name="resources/Soap.feature" skipped="0" tests="1" time="33.720537">
  <testcase classname="resources.Soap" name="Request Status" time="33.720537">
    <system-out>* url 'https://soap.tracking.thermoking.com/tk-webservices/Command' ....... passed
* configure headers = {Content-Type: 'application/xml'} ................... passed
* header Authorization = call read('basic-auth.js') { username: 'webservice.user.all.214@MISSING.COM', password: 'gh62jAI&gt;uLPuvlp' } . passed
* def customerId = '4560BD5E-BD7B-42B0-8DCB-627EB8454C72' ................. passed
* def vehicleId = 'Bluebox India 2' ....................................... passed
* def result = ............................................................ passed
* def resu = call result 32000 ............................................ passed
* def myrequestID = ....................................................... passed
Given request ............................................................. passed
When soap action '' ....................................................... passed
Then status 200 ........................................................... passed
And print response ........................................................ passed</system-out>
  </testcase>
</testsuite>
